Using pre-set license
Built from '2021.3/staging' branch; Version is '2021.3.5f1 (40eb3a945986) revision 4254522'; Using compiler version '192829333'; Build Type 'Release'
OS: 'Windows 10  (10.0.19042) 64bit Enterprise' Language: 'es' Physical Memory: 16254 MB
BatchMode: 1, IsHumanControllingUs: 0, StartBugReporterOnCrash: 0, Is64bit: 1, IsPro: 1

COMMAND LINE ARGUMENTS:
C:\Program Files\Unity\Hub\Editor\2021.3.5f1\Editor\Unity.exe
-adb2
-batchMode
-noUpm
-name
AssetImportWorker0
-projectPath
C:/Users/Fede/Desktop/Proyects/Gun v0.1/Cheese-cannon-v0.01
-logFile
Logs/AssetImportWorker0.log
-srvPort
59235
Successfully changed project path to: C:/Users/Fede/Desktop/Proyects/Gun v0.1/Cheese-cannon-v0.01
C:/Users/Fede/Desktop/Proyects/Gun v0.1/Cheese-cannon-v0.01
[UnityMemory] Configuration Parameters - Can be set up in boot.config
    "memorysetup-bucket-allocator-granularity=16"
    "memorysetup-bucket-allocator-bucket-count=8"
    "memorysetup-bucket-allocator-block-size=33554432"
    "memorysetup-bucket-allocator-block-count=8"
    "memorysetup-main-allocator-block-size=16777216"
    "memorysetup-thread-allocator-block-size=16777216"
    "memorysetup-gfx-main-allocator-block-size=16777216"
    "memorysetup-gfx-thread-allocator-block-size=16777216"
    "memorysetup-cache-allocator-block-size=4194304"
    "memorysetup-typetree-allocator-block-size=2097152"
    "memorysetup-profiler-bucket-allocator-granularity=16"
    "memorysetup-profiler-bucket-allocator-bucket-count=8"
    "memorysetup-profiler-bucket-allocator-block-size=33554432"
    "memorysetup-profiler-bucket-allocator-block-count=8"
    "memorysetup-profiler-allocator-block-size=16777216"
    "memorysetup-profiler-editor-allocator-block-size=1048576"
    "memorysetup-temp-allocator-size-main=16777216"
    "memorysetup-job-temp-allocator-block-size=2097152"
    "memorysetup-job-temp-allocator-block-size-background=1048576"
    "memorysetup-job-temp-allocator-reduction-small-platforms=262144"
    "memorysetup-temp-allocator-size-background-worker=32768"
    "memorysetup-temp-allocator-size-job-worker=262144"
    "memorysetup-temp-allocator-size-preload-manager=33554432"
    "memorysetup-temp-allocator-size-nav-mesh-worker=65536"
    "memorysetup-temp-allocator-size-audio-worker=65536"
    "memorysetup-temp-allocator-size-cloud-worker=32768"
    "memorysetup-temp-allocator-size-gi-baking-worker=262144"
    "memorysetup-temp-allocator-size-gfx=262144"
Refreshing native plugins compatible for Editor in 79.98 ms, found 3 plugins.
Preloading 0 native plugins for Editor in 0.00 ms.
Initialize engine version: 2021.3.5f1 (40eb3a945986)
[Subsystems] Discovering subsystems at path C:/Program Files/Unity/Hub/Editor/2021.3.5f1/Editor/Data/Resources/UnitySubsystems
[Subsystems] Discovering subsystems at path C:/Users/Fede/Desktop/Proyects/Gun v0.1/Cheese-cannon-v0.01/Assets
GfxDevice: creating device client; threaded=0; jobified=0
Direct3D:
    Version:  Direct3D 11.0 [level 11.1]
    Renderer: Intel(R) UHD Graphics 630 (ID=0x3e92)
    Vendor:   Intel
    VRAM:     8127 MB
    Driver:   27.20.100.9127
Initialize mono
Mono path[0] = 'C:/Program Files/Unity/Hub/Editor/2021.3.5f1/Editor/Data/Managed'
Mono path[1] = 'C:/Program Files/Unity/Hub/Editor/2021.3.5f1/Editor/Data/MonoBleedingEdge/lib/mono/unityjit-win32'
Mono config path = 'C:/Program Files/Unity/Hub/Editor/2021.3.5f1/Editor/Data/MonoBleedingEdge/etc'
Using monoOptions --debugger-agent=transport=dt_socket,embedding=1,server=y,suspend=n,address=127.0.0.1:56048
Begin MonoManager ReloadAssembly
Registering precompiled unity dll's ...
Register platform support module: C:/Program Files/Unity/Hub/Editor/2021.3.5f1/Editor/Data/PlaybackEngines/WebGLSupport/UnityEditor.WebGL.Extensions.dll
Register platform support module: C:/Program Files/Unity/Hub/Editor/2021.3.5f1/Editor/Data/PlaybackEngines/MacStandaloneSupport/UnityEditor.OSXStandalone.Extensions.dll
Register platform support module: C:/Program Files/Unity/Hub/Editor/2021.3.5f1/Editor/Data/PlaybackEngines/AndroidPlayer/UnityEditor.Android.Extensions.dll
Register platform support module: C:/Program Files/Unity/Hub/Editor/2021.3.5f1/Editor/Data/PlaybackEngines/iOSSupport/UnityEditor.iOS.Extensions.dll
Register platform support module: C:/Program Files/Unity/Hub/Editor/2021.3.5f1/Editor/Data/PlaybackEngines/AppleTVSupport/UnityEditor.AppleTV.Extensions.dll
Register platform support module: C:/Program Files/Unity/Hub/Editor/2021.3.5f1/Editor/Data/PlaybackEngines/WindowsStandaloneSupport/UnityEditor.WindowsStandalone.Extensions.dll
Register platform support module: C:/Program Files/Unity/Hub/Editor/2021.3.5f1/Editor/Data/PlaybackEngines/LinuxStandaloneSupport/UnityEditor.LinuxStandalone.Extensions.dll
Register platform support module: C:/Program Files/Unity/Hub/Editor/2021.3.5f1/Editor/Data/PlaybackEngines/MetroSupport/UnityEditor.UWP.Extensions.dll
Registered in 0.013046 seconds.
Native extension for UWP target not found
Native extension for LinuxStandalone target not found
Native extension for WindowsStandalone target not found
[usbmuxd] Start listen thread
[usbmuxd] Listen thread started
Native extension for AppleTV target not found
[usbmuxd] Start listen thread
[usbmuxd] Listen thread started
Native extension for iOS target not found
Native extension for Android target not found
Native extension for OSXStandalone target not found
Native extension for WebGL target not found
Refreshing native plugins compatible for Editor in 79.20 ms, found 3 plugins.
Preloading 0 native plugins for Editor in 0.00 ms.
Mono: successfully reloaded assembly
- Completed reload, in  0.651 seconds
Domain Reload Profiling:
	ReloadAssembly (651ms)
		BeginReloadAssembly (72ms)
			ExecutionOrderSort (0ms)
			DisableScriptedObjects (0ms)
			BackupInstance (0ms)
			ReleaseScriptingObjects (0ms)
			CreateAndSetChildDomain (1ms)
		EndReloadAssembly (467ms)
			LoadAssemblies (72ms)
			RebuildTransferFunctionScriptingTraits (0ms)
			SetupTypeCache (105ms)
			ReleaseScriptCaches (0ms)
			RebuildScriptCaches (26ms)
			SetupLoadedEditorAssemblies (287ms)
				LogAssemblyErrors (0ms)
				InitializePlatformSupportModulesInManaged (72ms)
				SetLoadedEditorAssemblies (0ms)
				RefreshPlugins (79ms)
				BeforeProcessingInitializeOnLoad (1ms)
				ProcessInitializeOnLoadAttributes (92ms)
				ProcessInitializeOnLoadMethodAttributes (42ms)
				AfterProcessingInitializeOnLoad (0ms)
				EditorAssembliesLoaded (0ms)
			ExecutionOrderSort2 (0ms)
			AwakeInstancesAfterBackupRestoration (0ms)
Platform modules already initialized, skipping
Registering precompiled user dll's ...
Registered in 0.006142 seconds.
Begin MonoManager ReloadAssembly
Symbol file LoadedFromMemory doesn't match image C:\Users\Fede\Desktop\Proyects\Gun v0.1\Cheese-cannon-v0.01\Library\PackageCache\com.unity.visualscripting@1.7.8\Editor\VisualScripting.Core\Dependencies\YamlDotNet\Unity.VisualScripting.YamlDotNet.dll
Symbol file LoadedFromMemory doesn't match image C:\Users\Fede\Desktop\Proyects\Gun v0.1\Cheese-cannon-v0.01\Library\PackageCache\com.unity.visualscripting@1.7.8\Editor\VisualScripting.Core\Dependencies\DotNetZip\Unity.VisualScripting.IonicZip.dll
Native extension for UWP target not found
Native extension for LinuxStandalone target not found
Native extension for WindowsStandalone target not found
Native extension for AppleTV target not found
Native extension for iOS target not found
Native extension for Android target not found
Native extension for OSXStandalone target not found
Native extension for WebGL target not found
Refreshing native plugins compatible for Editor in 0.53 ms, found 3 plugins.
Preloading 0 native plugins for Editor in 0.00 ms.
Mono: successfully reloaded assembly
- Completed reload, in  1.164 seconds
Domain Reload Profiling:
	ReloadAssembly (1165ms)
		BeginReloadAssembly (242ms)
			ExecutionOrderSort (0ms)
			DisableScriptedObjects (6ms)
			BackupInstance (0ms)
			ReleaseScriptingObjects (0ms)
			CreateAndSetChildDomain (131ms)
		EndReloadAssembly (800ms)
			LoadAssemblies (108ms)
			RebuildTransferFunctionScriptingTraits (0ms)
			SetupTypeCache (265ms)
			ReleaseScriptCaches (1ms)
			RebuildScriptCaches (47ms)
			SetupLoadedEditorAssemblies (366ms)
				LogAssemblyErrors (0ms)
				InitializePlatformSupportModulesInManaged (35ms)
				SetLoadedEditorAssemblies (0ms)
				RefreshPlugins (1ms)
				BeforeProcessingInitializeOnLoad (89ms)
				ProcessInitializeOnLoadAttributes (207ms)
				ProcessInitializeOnLoadMethodAttributes (26ms)
				AfterProcessingInitializeOnLoad (8ms)
				EditorAssembliesLoaded (0ms)
			ExecutionOrderSort2 (0ms)
			AwakeInstancesAfterBackupRestoration (6ms)
Platform modules already initialized, skipping
========================================================================
Worker process is ready to serve import requests
Launched and connected shader compiler UnityShaderCompiler.exe after 0.04 seconds
Refreshing native plugins compatible for Editor in 0.53 ms, found 3 plugins.
Preloading 0 native plugins for Editor in 0.00 ms.
Unloading 3373 Unused Serialized files (Serialized files now loaded: 0)
Unloading 27 unused Assets / (111.6 KB). Loaded Objects now: 3832.
Memory consumption went from 116.9 MB to 116.8 MB.
Total: 3.534500 ms (FindLiveObjects: 0.284700 ms CreateObjectMapping: 0.257000 ms MarkObjects: 2.888400 ms  DeleteObjects: 0.103300 ms)

AssetImportParameters requested are different than current active one (requested -> active):
  custom:video-decoder-ogg-theora: a1e56fd34408186e4bbccfd4996cb3dc -> 
  custom:container-muxer-webm: aa71ff27fc2769a1b78a27578f13a17b -> 
  custom:container-demuxer-webm: 4f35f7cbe854078d1ac9338744f61a02 -> 
  custom:video-encoder-webm-vp8: eb34c28f22e8b96e1ab97ce403110664 -> 
  custom:audio-encoder-webm-vorbis: bf7c407c2cedff20999df2af8eb42d56 -> 
  custom:framework-win-MediaFoundation: 216162199b28c13a410421893ffa2e32 -> 
  custom:container-demuxer-ogg: 62fdf1f143b41e24485cea50d1cbac27 -> 
  custom:video-decoder-webm-vp8: 9c59270c3fd7afecdb556c50c9e8de78 -> 
  custom:audio-decoder-ogg-vorbis: bf7c407c2cedff20999df2af8eb42d56 -> 
========================================================================
Received Import Request.
  Time since last request: 23621.834697 seconds.
  path: Assets/Materials/Materials/Models/Materials/defaultMat.mat
  artifactKey: Guid(ad923032a1e8d82449ea750d00ab95a4) Importer(815301076,1909f56bfc062723c751e8b465ee728b)
Start importing Assets/Materials/Materials/Models/Materials/defaultMat.mat using Guid(ad923032a1e8d82449ea750d00ab95a4) Importer(815301076,1909f56bfc062723c751e8b465ee728b)  -> (artifact id: '9fbe38bc8d8226c6d6bf2a7c5f6ef6ed') in 0.108191 seconds 
========================================================================
Received Import Request.
  Time since last request: 0.035348 seconds.
  path: Assets/RPG Food & Drinks Pack/Assets/Models
  artifactKey: Guid(9ddd400b8f0a11640910a8c1cc7408b3) Importer(815301076,1909f56bfc062723c751e8b465ee728b)
Start importing Assets/RPG Food & Drinks Pack/Assets/Models using Guid(9ddd400b8f0a11640910a8c1cc7408b3) Importer(815301076,1909f56bfc062723c751e8b465ee728b)  -> (artifact id: 'a78045bff0505f254aea0764ae59219f') in 0.004748 seconds 
========================================================================
Received Import Request.
  Time since last request: 0.050126 seconds.
  path: Assets/RPG Food & Drinks Pack/Assets/Textures
  artifactKey: Guid(91bda7bc367eeb34c9fd25eb9e742d19) Importer(815301076,1909f56bfc062723c751e8b465ee728b)
Start importing Assets/RPG Food & Drinks Pack/Assets/Textures using Guid(91bda7bc367eeb34c9fd25eb9e742d19) Importer(815301076,1909f56bfc062723c751e8b465ee728b)  -> (artifact id: 'f91c521df5a8cab38b8cb569d2fc5385') in 0.004584 seconds 
========================================================================
Received Import Request.
  Time since last request: 0.123240 seconds.
  path: Assets/Scenes
  artifactKey: Guid(6ea315d0fd7389c41b19996891e99ae3) Importer(815301076,1909f56bfc062723c751e8b465ee728b)
Start importing Assets/Scenes using Guid(6ea315d0fd7389c41b19996891e99ae3) Importer(815301076,1909f56bfc062723c751e8b465ee728b)  -> (artifact id: 'b8193726cff86800c54781cdc6d54904') in 0.004746 seconds 
========================================================================
Received Import Request.
  Time since last request: 0.010722 seconds.
  path: Assets/Materials/Shaders
  artifactKey: Guid(90cae7fc3105e7a4ba602911550a3467) Importer(815301076,1909f56bfc062723c751e8b465ee728b)
Start importing Assets/Materials/Shaders using Guid(90cae7fc3105e7a4ba602911550a3467) Importer(815301076,1909f56bfc062723c751e8b465ee728b)  -> (artifact id: 'ba0402d71b458dd8ead502b6578b7f5c') in 0.004714 seconds 
========================================================================
Received Import Request.
  Time since last request: 0.011591 seconds.
  path: Assets/RPG Food & Drinks Pack/Assets/Scripts
  artifactKey: Guid(5647925b032295d469771af9abd46649) Importer(815301076,1909f56bfc062723c751e8b465ee728b)
Start importing Assets/RPG Food & Drinks Pack/Assets/Scripts using Guid(5647925b032295d469771af9abd46649) Importer(815301076,1909f56bfc062723c751e8b465ee728b)  -> (artifact id: 'eb4850026f2a959a15d01ea6f1870b5d') in 0.004701 seconds 
========================================================================
Received Import Request.
  Time since last request: 0.018590 seconds.
  path: Assets/Scenes/SampleScene.unity
  artifactKey: Guid(9fc0d4010bbf28b4594072e72b8655ab) Importer(815301076,1909f56bfc062723c751e8b465ee728b)
Start importing Assets/Scenes/SampleScene.unity using Guid(9fc0d4010bbf28b4594072e72b8655ab) Importer(815301076,1909f56bfc062723c751e8b465ee728b)  -> (artifact id: 'c5550f7d7719a5922fe7077db100520f') in 0.005160 seconds 
========================================================================
Received Import Request.
  Time since last request: 0.028297 seconds.
  path: Assets/RPG Food & Drinks Pack/Assets/Scripts/Rotator.cs
  artifactKey: Guid(d04f90983040f0846a0e9ec03aff2b5f) Importer(815301076,1909f56bfc062723c751e8b465ee728b)
Start importing Assets/RPG Food & Drinks Pack/Assets/Scripts/Rotator.cs using Guid(d04f90983040f0846a0e9ec03aff2b5f) Importer(815301076,1909f56bfc062723c751e8b465ee728b)  -> (artifact id: 'bd8a157a78bba5a790d18527535646af') in 0.006750 seconds 
========================================================================
Received Import Request.
  Time since last request: 0.028068 seconds.
  path: Assets/RPG Food & Drinks Pack/Demo/Food & Drinks.unity
  artifactKey: Guid(01b9f7b1eeb03aa49867c700a7d73c4e) Importer(815301076,1909f56bfc062723c751e8b465ee728b)
Start importing Assets/RPG Food & Drinks Pack/Demo/Food & Drinks.unity using Guid(01b9f7b1eeb03aa49867c700a7d73c4e) Importer(815301076,1909f56bfc062723c751e8b465ee728b)  -> (artifact id: 'ca7ec52e8e32e3b5078bc57d83479e90') in 0.004964 seconds 
========================================================================
Received Import Request.
  Time since last request: 0.000848 seconds.
  path: Assets/Materials/Materials
  artifactKey: Guid(747f8ad623b0e5147bba5bbbaed8e1b9) Importer(815301076,1909f56bfc062723c751e8b465ee728b)
Start importing Assets/Materials/Materials using Guid(747f8ad623b0e5147bba5bbbaed8e1b9) Importer(815301076,1909f56bfc062723c751e8b465ee728b)  -> (artifact id: '911c0424b31c980e6e68c9cde43849c5') in 0.004653 seconds 
========================================================================
Received Import Request.
  Time since last request: 0.002005 seconds.
  path: Assets/Materials/Shaders/Double Side.shader
  artifactKey: Guid(758113f07883132478bf1812e6c8b6d9) Importer(815301076,1909f56bfc062723c751e8b465ee728b)
Start importing Assets/Materials/Shaders/Double Side.shader using Guid(758113f07883132478bf1812e6c8b6d9) Importer(815301076,1909f56bfc062723c751e8b465ee728b)  -> (artifact id: '063e999c4f2e716af99c5b353deb2144') in 0.006561 seconds 
========================================================================
Received Import Request.
  Time since last request: 0.007550 seconds.
  path: Assets/Scripts/Movement.cs
  artifactKey: Guid(071ecba4440be7a4cbfee3dc1a65596b) Importer(815301076,1909f56bfc062723c751e8b465ee728b)
Start importing Assets/Scripts/Movement.cs using Guid(071ecba4440be7a4cbfee3dc1a65596b) Importer(815301076,1909f56bfc062723c751e8b465ee728b)  -> (artifact id: '54e02430382cde3d8ffc8c3849c0bcac') in 0.004941 seconds 
========================================================================
Received Import Request.
  Time since last request: 0.002653 seconds.
  path: Assets/RPG Food & Drinks Pack/Assets/Scripts/Consumer.cs
  artifactKey: Guid(3abfc7198c85ce649bd21dd41e50b870) Importer(815301076,1909f56bfc062723c751e8b465ee728b)
Start importing Assets/RPG Food & Drinks Pack/Assets/Scripts/Consumer.cs using Guid(3abfc7198c85ce649bd21dd41e50b870) Importer(815301076,1909f56bfc062723c751e8b465ee728b)  -> (artifact id: '832c44cbaaf527f08071ceff441951b2') in 0.004932 seconds 
========================================================================
Received Import Request.
  Time since last request: 0.011292 seconds.
  path: Assets/Materials/Materials/Models/Materials
  artifactKey: Guid(41db48d6cdfdd1c44856e40e4907c0d6) Importer(815301076,1909f56bfc062723c751e8b465ee728b)
Start importing Assets/Materials/Materials/Models/Materials using Guid(41db48d6cdfdd1c44856e40e4907c0d6) Importer(815301076,1909f56bfc062723c751e8b465ee728b)  -> (artifact id: 'be7fe897154c6dd57bc965ab63099858') in 0.001673 seconds 
========================================================================
Received Import Request.
  Time since last request: 0.012851 seconds.
  path: Assets/Scripts/Cannon.cs
  artifactKey: Guid(96d3412344a19364eb758079239a48e9) Importer(815301076,1909f56bfc062723c751e8b465ee728b)
Start importing Assets/Scripts/Cannon.cs using Guid(96d3412344a19364eb758079239a48e9) Importer(815301076,1909f56bfc062723c751e8b465ee728b)  -> (artifact id: 'b2aeb2319e9431af4eb5c2cd10c3f8d2') in 0.005105 seconds 
